<?xml version="1.0" encoding="UTF-8"?>
<testsuite name="com.example.DemoApplicationTests" time="0.005" tests="1" errors="1" skipped="0" failures="0">
  <properties>
[...]
</properties>
  <testcase name="initializationError" classname="com.example.DemoApplicationTests" time="0.005">
    <error message="Unable to find a @SpringBootConfiguration, you need to use @ContextConfiguration or @SpringBootTest(classes=...) with your test" type="java.lang.IllegalStateException"><![CDATA[java.lang.IllegalStateException: Unable to find a @SpringBootConfiguration, you need to use @ContextConfiguration or @SpringBootTest(classes=...) with your test
	at org.springframework.util.Assert.state(Assert.java:392)
	at org.springframework.boot.test.context.SpringBootTestContextBootstrapper.getOrFindConfigurationClasses(SpringBootTestContextBootstrapper.java:173)
	at org.springframework.boot.test.context.SpringBootTestContextBootstrapper.processMergedContextConfiguration(SpringBootTestContextBootstrapper.java:133)
	at org.springframework.test.context.support.AbstractTestContextBootstrapper.buildMergedContextConfiguration(AbstractTestContextBootstrapper.java:409)
	at org.springframework.test.context.support.AbstractTestContextBootstrapper.buildDefaultMergedContextConfiguration(AbstractTestContextBootstrapper.java:323)
	at org.springframework.test.context.support.AbstractTestContextBootstrapper.buildMergedContextConfiguration(AbstractTestContextBootstrapper.java:277)
	at org.springframework.test.context.support.AbstractTestContextBootstrapper.buildTestContext(AbstractTestContextBootstrapper.java:112)
	at org.springframework.boot.test.context.SpringBootTestContextBootstrapper.buildTestContext(SpringBootTestContextBootstrapper.java:78)
	at org.springframework.test.context.TestContextManager.<init>(TestContextManager.java:120)
	at org.springframework.test.context.TestContextManager.<init>(TestContextManager.java:105)
	at org.springframework.test.context.junit4.SpringJUnit4ClassRunner.createTestContextManager(SpringJUnit4ClassRunner.java:152)
	at org.springframework.test.context.junit4.SpringJUnit4ClassRunner.<init>(SpringJUnit4ClassRunner.java:143)
	at org.springframework.test.context.junit4.SpringRunner.<init>(SpringRunner.java:49)
	at sun.reflect.NativeConstructorAccessorImpl.newInstance0(Native Method)
	at sun.reflect.NativeConstructorAccessorImpl.newInstance(NativeConstructorAccessorImpl.java:62)
	at sun.reflect.DelegatingConstructorAccessorImpl.newInstance(DelegatingConstructorAccessorImpl.java:45)
	at java.lang.reflect.Constructor.newInstance(Constructor.java:423)
	at org.junit.internal.builders.AnnotatedBuilder.buildRunner(AnnotatedBuilder.java:104)
	at org.junit.internal.builders.AnnotatedBuilder.runnerForClass(AnnotatedBuilder.java:86)
	at org.junit.runners.model.RunnerBuilder.safeRunnerForClass(RunnerBuilder.java:59)
	at org.junit.internal.builders.AllDefaultPossibilitiesBuilder.runnerForClass(AllDefaultPossibilitiesBuilder.java:26)
	at org.junit.runners.model.RunnerBuilder.safeRunnerForClass(RunnerBuilder.java:59)
	at org.junit.internal.requests.ClassRequest.getRunner(ClassRequest.java:33)
	at org.apache.maven.surefire.junit4.JUnit4Provider.execute(JUnit4Provider.java:283)
	at org.apache.maven.surefire.junit4.JUnit4Provider.executeWithRerun(JUnit4Provider.java:173)
	at org.apache.maven.surefire.junit4.JUnit4Provider.executeTestSet(JUnit4Provider.java:153)
	at org.apache.maven.surefire.junit4.JUnit4Provider.invoke(JUnit4Provider.java:128)
	at org.apache.maven.surefire.booter.ForkedBooter.invokeProviderInSameClassLoader(ForkedBooter.java:203)
	at org.apache.maven.surefire.booter.ForkedBooter.runSuitesInProcess(ForkedBooter.java:155)
	at org.apache.maven.surefire.booter.ForkedBooter.main(ForkedBooter.java:103)
]]></error>
    <system-out><![CDATA[14:37:09.903 [main] DEBUG org.springframework.test.context.junit4.SpringJUnit4ClassRunner - SpringJUnit4ClassRunner constructor called with [class com.example.DemoApplicationTests]
14:37:09.931 [main] DEBUG org.springframework.test.context.BootstrapUtils - Instantiating CacheAwareContextLoaderDelegate from class [org.springframework.test.context.cache.DefaultCacheAwareContextLoaderDelegate]
14:37:09.948 [main] DEBUG org.springframework.test.context.BootstrapUtils - Instantiating BootstrapContext using constructor [public org.springframework.test.context.support.DefaultBootstrapContext(java.lang.Class,org.springframework.test.context.CacheAwareContextLoaderDelegate)]
14:37:10.061 [main] DEBUG org.springframework.test.context.BootstrapUtils - Instantiating TestContextBootstrapper for test class [com.example.DemoApplicationTests] from class [org.springframework.boot.test.context.SpringBootTestContextBootstrapper]
14:37:10.098 [main] INFO org.springframework.boot.test.context.SpringBootTestContextBootstrapper - Neither @ContextConfiguration nor @ContextHierarchy found for test class [com.example.DemoApplicationTests], using SpringBootContextLoader
14:37:10.109 [main] DEBUG org.springframework.test.context.support.AbstractContextLoader - Did not detect default resource location for test class [com.example.DemoApplicationTests]: class path resource [com/example/DemoApplicationTests-context.xml] does not exist
14:37:10.110 [main] DEBUG org.springframework.test.context.support.AbstractContextLoader - Did not detect default resource location for test class [com.example.DemoApplicationTests]: class path resource [com/example/DemoApplicationTestsContext.groovy] does not exist
14:37:10.111 [main] INFO org.springframework.test.context.support.AbstractContextLoader - Could not detect default resource locations for test class [com.example.DemoApplicationTests]: no resource found for suffixes {-context.xml, Context.groovy}.
14:37:10.113 [main] INFO org.springframework.test.context.support.AnnotationConfigContextLoaderUtils - Could not detect default configuration classes for test class [com.example.DemoApplicationTests]: DemoApplicationTests does not declare any static, non-private, non-final, nested classes annotated with @Configuration.
14:37:10.280 [main] DEBUG org.springframework.test.context.support.ActiveProfilesUtils - Could not find an 'annotation declaring class' for annotation type [org.springframework.test.context.ActiveProfiles] and class [com.example.DemoApplicationTests]
14:37:10.413 [main] DEBUG org.springframework.core.env.StandardEnvironment - Adding [systemProperties] PropertySource with lowest search precedence
14:37:10.417 [main] DEBUG org.springframework.core.env.StandardEnvironment - Adding [systemEnvironment] PropertySource with lowest search precedence
14:37:10.418 [main] DEBUG org.springframework.core.env.StandardEnvironment - Initialized StandardEnvironment with PropertySources [systemProperties,systemEnvironment]
14:37:10.444 [main] DEBUG org.springframework.core.io.support.PathMatchingResourcePatternResolver - Resolved classpath location [com/example/] to resources [URL [file:/C:/Users/re035842/Documents/workspace_sts/SpringSecurityAcademiaResource-master/target/test-classes/com/example/]]
14:37:10.446 [main] DEBUG org.springframework.core.io.support.PathMatchingResourcePatternResolver - Looking for matching resources in directory tree [C:\Users\re035842\Documents\workspace_sts\SpringSecurityAcademiaResource-master\target\test-classes\com\example]
14:37:10.447 [main] DEBUG org.springframework.core.io.support.PathMatchingResourcePatternResolver - Searching directory [C:\Users\re035842\Documents\workspace_sts\SpringSecurityAcademiaResource-master\target\test-classes\com\example] for files matching pattern [C:/Users/re035842/Documents/workspace_sts/SpringSecurityAcademiaResource-master/target/test-classes/com/example/*.class]
14:37:10.458 [main] DEBUG org.springframework.core.io.support.PathMatchingResourcePatternResolver - Resolved location pattern [classpath*:com/example/*.class] to resources [file [C:\Users\re035842\Documents\workspace_sts\SpringSecurityAcademiaResource-master\target\test-classes\com\example\DemoApplicationTests.class]]
14:37:10.514 [main] DEBUG org.springframework.core.io.support.PathMatchingResourcePatternResolver - Resolved classpath location [com/] to resources [URL [jar:file:/C:/Program%20Files/Java/jdk1.8.0_152/jre/lib/ext/jfxrt.jar!/com/], URL [file:/C:/Users/re035842/Documents/workspace_sts/SpringSecurityAcademiaResource-master/target/test-classes/com/], URL [file:/C:/Users/re035842/Documents/workspace_sts/SpringSecurityAcademiaResource-master/target/classes/com/], URL [jar:file:/C:/Users/re035842/.m2/repository/com/fasterxml/classmate/1.3.3/classmate-1.3.3.jar!/com/], URL [jar:file:/C:/Users/re035842/.m2/repository/com/fasterxml/jackson/core/jackson-databind/2.8.4/jackson-databind-2.8.4.jar!/com/], URL [jar:file:/C:/Users/re035842/.m2/repository/com/fasterxml/jackson/core/jackson-annotations/2.8.4/jackson-annotations-2.8.4.jar!/com/], URL [jar:file:/C:/Users/re035842/.m2/repository/com/fasterxml/jackson/core/jackson-core/2.8.4/jackson-core-2.8.4.jar!/com/], URL [jar:file:/C:/Users/re035842/.m2/repository/mysql/mysql-connector-java/5.1.40/mysql-connector-java-5.1.40.jar!/com/], URL [jar:file:/C:/Users/re035842/.m2/repository/com/jayway/jsonpath/json-path/2.2.0/json-path-2.2.0.jar!/com/]]
14:37:10.515 [main] DEBUG org.springframework.core.io.support.PathMatchingResourcePatternResolver - Looking for matching resources in jar file [file:/C:/Program%20Files/Java/jdk1.8.0_152/jre/lib/ext/jfxrt.jar]
14:37:10.575 [main] DEBUG org.springframework.core.io.support.PathMatchingResourcePatternResolver - Looking for matching resources in directory tree [C:\Users\re035842\Documents\workspace_sts\SpringSecurityAcademiaResource-master\target\test-classes\com]
14:37:10.575 [main] DEBUG org.springframework.core.io.support.PathMatchingResourcePatternResolver - Searching directory [C:\Users\re035842\Documents\workspace_sts\SpringSecurityAcademiaResource-master\target\test-classes\com] for files matching pattern [C:/Users/re035842/Documents/workspace_sts/SpringSecurityAcademiaResource-master/target/test-classes/com/*.class]
14:37:10.576 [main] DEBUG org.springframework.core.io.support.PathMatchingResourcePatternResolver - Looking for matching resources in directory tree [C:\Users\re035842\Documents\workspace_sts\SpringSecurityAcademiaResource-master\target\classes\com]
14:37:10.576 [main] DEBUG org.springframework.core.io.support.PathMatchingResourcePatternResolver - Searching directory [C:\Users\re035842\Documents\workspace_sts\SpringSecurityAcademiaResource-master\target\classes\com] for files matching pattern [C:/Users/re035842/Documents/workspace_sts/SpringSecurityAcademiaResource-master/target/classes/com/*.class]
14:37:10.577 [main] DEBUG org.springframework.core.io.support.PathMatchingResourcePatternResolver - Looking for matching resources in jar file [file:/C:/Users/re035842/.m2/repository/com/fasterxml/classmate/1.3.3/classmate-1.3.3.jar]
14:37:10.578 [main] DEBUG org.springframework.core.io.support.PathMatchingResourcePatternResolver - Looking for matching resources in jar file [file:/C:/Users/re035842/.m2/repository/com/fasterxml/jackson/core/jackson-databind/2.8.4/jackson-databind-2.8.4.jar]
14:37:10.583 [main] DEBUG org.springframework.core.io.support.PathMatchingResourcePatternResolver - Looking for matching resources in jar file [file:/C:/Users/re035842/.m2/repository/com/fasterxml/jackson/core/jackson-annotations/2.8.4/jackson-annotations-2.8.4.jar]
14:37:10.584 [main] DEBUG org.springframework.core.io.support.PathMatchingResourcePatternResolver - Looking for matching resources in jar file [file:/C:/Users/re035842/.m2/repository/com/fasterxml/jackson/core/jackson-core/2.8.4/jackson-core-2.8.4.jar]
14:37:10.585 [main] DEBUG org.springframework.core.io.support.PathMatchingResourcePatternResolver - Looking for matching resources in jar file [file:/C:/Users/re035842/.m2/repository/mysql/mysql-connector-java/5.1.40/mysql-connector-java-5.1.40.jar]
14:37:10.588 [main] DEBUG org.springframework.core.io.support.PathMatchingResourcePatternResolver - Looking for matching resources in jar file [file:/C:/Users/re035842/.m2/repository/com/jayway/jsonpath/json-path/2.2.0/json-path-2.2.0.jar]
14:37:10.590 [main] DEBUG org.springframework.core.io.support.PathMatchingResourcePatternResolver - Resolved location pattern [classpath*:com/*.class] to resources []
14:37:10.621 [main] DEBUG org.springframework.test.context.junit4.SpringJUnit4ClassRunner - SpringJUnit4ClassRunner constructor called with [class com.example.DemoApplicationTests]
14:37:10.621 [main] DEBUG org.springframework.test.context.BootstrapUtils - Instantiating CacheAwareContextLoaderDelegate from class [org.springframework.test.context.cache.DefaultCacheAwareContextLoaderDelegate]
14:37:10.621 [main] DEBUG org.springframework.test.context.BootstrapUtils - Instantiating BootstrapContext using constructor [public org.springframework.test.context.support.DefaultBootstrapContext(java.lang.Class,org.springframework.test.context.CacheAwareContextLoaderDelegate)]
14:37:10.622 [main] DEBUG org.springframework.test.context.BootstrapUtils - Instantiating TestContextBootstrapper for test class [com.example.DemoApplicationTests] from class [org.springframework.boot.test.context.SpringBootTestContextBootstrapper]
14:37:10.623 [main] INFO org.springframework.boot.test.context.SpringBootTestContextBootstrapper - Neither @ContextConfiguration nor @ContextHierarchy found for test class [com.example.DemoApplicationTests], using SpringBootContextLoader
14:37:10.624 [main] DEBUG org.springframework.test.context.support.AbstractContextLoader - Did not detect default resource location for test class [com.example.DemoApplicationTests]: class path resource [com/example/DemoApplicationTests-context.xml] does not exist
14:37:10.624 [main] DEBUG org.springframework.test.context.support.AbstractContextLoader - Did not detect default resource location for test class [com.example.DemoApplicationTests]: class path resource [com/example/DemoApplicationTestsContext.groovy] does not exist
14:37:10.625 [main] INFO org.springframework.test.context.support.AbstractContextLoader - Could not detect default resource locations for test class [com.example.DemoApplicationTests]: no resource found for suffixes {-context.xml, Context.groovy}.
14:37:10.625 [main] INFO org.springframework.test.context.support.AnnotationConfigContextLoaderUtils - Could not detect default configuration classes for test class [com.example.DemoApplicationTests]: DemoApplicationTests does not declare any static, non-private, non-final, nested classes annotated with @Configuration.
14:37:10.632 [main] DEBUG org.springframework.test.context.support.ActiveProfilesUtils - Could not find an 'annotation declaring class' for annotation type [org.springframework.test.context.ActiveProfiles] and class [com.example.DemoApplicationTests]
14:37:10.634 [main] DEBUG org.springframework.core.env.StandardEnvironment - Adding [systemProperties] PropertySource with lowest search precedence
14:37:10.634 [main] DEBUG org.springframework.core.env.StandardEnvironment - Adding [systemEnvironment] PropertySource with lowest search precedence
14:37:10.634 [main] DEBUG org.springframework.core.env.StandardEnvironment - Initialized StandardEnvironment with PropertySources [systemProperties,systemEnvironment]
14:37:10.635 [main] DEBUG org.springframework.core.io.support.PathMatchingResourcePatternResolver - Resolved classpath location [com/example/] to resources [URL [file:/C:/Users/re035842/Documents/workspace_sts/SpringSecurityAcademiaResource-master/target/test-classes/com/example/]]
14:37:10.635 [main] DEBUG org.springframework.core.io.support.PathMatchingResourcePatternResolver - Looking for matching resources in directory tree [C:\Users\re035842\Documents\workspace_sts\SpringSecurityAcademiaResource-master\target\test-classes\com\example]
14:37:10.635 [main] DEBUG org.springframework.core.io.support.PathMatchingResourcePatternResolver - Searching directory [C:\Users\re035842\Documents\workspace_sts\SpringSecurityAcademiaResource-master\target\test-classes\com\example] for files matching pattern [C:/Users/re035842/Documents/workspace_sts/SpringSecurityAcademiaResource-master/target/test-classes/com/example/*.class]
14:37:10.641 [main] DEBUG org.springframework.core.io.support.PathMatchingResourcePatternResolver - Resolved location pattern [classpath*:com/example/*.class] to resources [file [C:\Users\re035842\Documents\workspace_sts\SpringSecurityAcademiaResource-master\target\test-classes\com\example\DemoApplicationTests.class]]
14:37:10.658 [main] DEBUG org.springframework.core.io.support.PathMatchingResourcePatternResolver - Resolved classpath location [com/] to resources [URL [jar:file:/C:/Program%20Files/Java/jdk1.8.0_152/jre/lib/ext/jfxrt.jar!/com/], URL [file:/C:/Users/re035842/Documents/workspace_sts/SpringSecurityAcademiaResource-master/target/test-classes/com/], URL [file:/C:/Users/re035842/Documents/workspace_sts/SpringSecurityAcademiaResource-master/target/classes/com/], URL [jar:file:/C:/Users/re035842/.m2/repository/com/fasterxml/classmate/1.3.3/classmate-1.3.3.jar!/com/], URL [jar:file:/C:/Users/re035842/.m2/repository/com/fasterxml/jackson/core/jackson-databind/2.8.4/jackson-databind-2.8.4.jar!/com/], URL [jar:file:/C:/Users/re035842/.m2/repository/com/fasterxml/jackson/core/jackson-annotations/2.8.4/jackson-annotations-2.8.4.jar!/com/], URL [jar:file:/C:/Users/re035842/.m2/repository/com/fasterxml/jackson/core/jackson-core/2.8.4/jackson-core-2.8.4.jar!/com/], URL [jar:file:/C:/Users/re035842/.m2/repository/mysql/mysql-connector-java/5.1.40/mysql-connector-java-5.1.40.jar!/com/], URL [jar:file:/C:/Users/re035842/.m2/repository/com/jayway/jsonpath/json-path/2.2.0/json-path-2.2.0.jar!/com/]]
14:37:10.658 [main] DEBUG org.springframework.core.io.support.PathMatchingResourcePatternResolver - Looking for matching resources in jar file [file:/C:/Program%20Files/Java/jdk1.8.0_152/jre/lib/ext/jfxrt.jar]
14:37:10.696 [main] DEBUG org.springframework.core.io.support.PathMatchingResourcePatternResolver - Looking for matching resources in directory tree [C:\Users\re035842\Documents\workspace_sts\SpringSecurityAcademiaResource-master\target\test-classes\com]
14:37:10.696 [main] DEBUG org.springframework.core.io.support.PathMatchingResourcePatternResolver - Searching directory [C:\Users\re035842\Documents\workspace_sts\SpringSecurityAcademiaResource-master\target\test-classes\com] for files matching pattern [C:/Users/re035842/Documents/workspace_sts/SpringSecurityAcademiaResource-master/target/test-classes/com/*.class]
14:37:10.697 [main] DEBUG org.springframework.core.io.support.PathMatchingResourcePatternResolver - Looking for matching resources in directory tree [C:\Users\re035842\Documents\workspace_sts\SpringSecurityAcademiaResource-master\target\classes\com]
14:37:10.697 [main] DEBUG org.springframework.core.io.support.PathMatchingResourcePatternResolver - Searching directory [C:\Users\re035842\Documents\workspace_sts\SpringSecurityAcademiaResource-master\target\classes\com] for files matching pattern [C:/Users/re035842/Documents/workspace_sts/SpringSecurityAcademiaResource-master/target/classes/com/*.class]
14:37:10.698 [main] DEBUG org.springframework.core.io.support.PathMatchingResourcePatternResolver - Looking for matching resources in jar file [file:/C:/Users/re035842/.m2/repository/com/fasterxml/classmate/1.3.3/classmate-1.3.3.jar]
14:37:10.699 [main] DEBUG org.springframework.core.io.support.PathMatchingResourcePatternResolver - Looking for matching resources in jar file [file:/C:/Users/re035842/.m2/repository/com/fasterxml/jackson/core/jackson-databind/2.8.4/jackson-databind-2.8.4.jar]
14:37:10.704 [main] DEBUG org.springframework.core.io.support.PathMatchingResourcePatternResolver - Looking for matching resources in jar file [file:/C:/Users/re035842/.m2/repository/com/fasterxml/jackson/core/jackson-annotations/2.8.4/jackson-annotations-2.8.4.jar]
14:37:10.705 [main] DEBUG org.springframework.core.io.support.PathMatchingResourcePatternResolver - Looking for matching resources in jar file [file:/C:/Users/re035842/.m2/repository/com/fasterxml/jackson/core/jackson-core/2.8.4/jackson-core-2.8.4.jar]
14:37:10.707 [main] DEBUG org.springframework.core.io.support.PathMatchingResourcePatternResolver - Looking for matching resources in jar file [file:/C:/Users/re035842/.m2/repository/mysql/mysql-connector-java/5.1.40/mysql-connector-java-5.1.40.jar]
14:37:10.710 [main] DEBUG org.springframework.core.io.support.PathMatchingResourcePatternResolver - Looking for matching resources in jar file [file:/C:/Users/re035842/.m2/repository/com/jayway/jsonpath/json-path/2.2.0/json-path-2.2.0.jar]
14:37:10.711 [main] DEBUG org.springframework.core.io.support.PathMatchingResourcePatternResolver - Resolved location pattern [classpath*:com/*.class] to resources []
]]></system-out>
  </testcase>
</testsuite>